This file contains any messages produced by compilers while
running configure, to aid debugging if configure makes a mistake.

It was created by configure, which was
generated by GNU Autoconf 2.60.  Invocation command line was

  $ ./configure --prefix=/usr/local docdir=${datarootdir}/doc/${PACKAGE} --cache-file=/dev/null --srcdir=.

## --------- ##
## Platform. ##
## --------- ##

hostname = jose-K45VD
uname -m = x86_64
uname -r = 3.13.0-63-generic
uname -s = Linux
uname -v = #103-Ubuntu SMP Fri Aug 14 21:42:59 UTC 2015

/usr/bin/uname -p = unknown
/bin/uname -X     = unknown

/bin/arch              = unknown
/usr/bin/arch -k       = unknown
/usr/convex/getsysinfo = unknown
/usr/bin/hostinfo      = unknown
/bin/machine           = unknown
/usr/bin/oslevel       = unknown
/bin/universe          = unknown

PATH: /home/jose/activator-1.3.5-minimal
PATH: /home/jose/play-2.2.6
PATH: /usr/local/heroku/bin
PATH: /usr/local/sbin
PATH: /usr/local/bin
PATH: /usr/sbin
PATH: /usr/bin
PATH: /sbin
PATH: /bin
PATH: /usr/games
PATH: /usr/local/games
PATH: /usr/lib/jvm/java-8-oracle/bin
PATH: /usr/lib/jvm/java-8-oracle/db/bin
PATH: /usr/lib/jvm/java-8-oracle/jre/bin
PATH: /opt/Xilinx/14.7/ISE_DS/ISE/bin/lin64


## ----------- ##
## Core tests. ##
## ----------- ##

configure:1918: checking for gcc
configure:1934: found /usr/bin/gcc
configure:1945: result: gcc
configure:2183: checking for C compiler version
configure:2190: gcc --version >&5
gcc (Ubuntu 4.9.2-0ubuntu1~14.04) 4.9.2
Copyright (C) 2014 Free Software Foundation, Inc.
This is free software; see the source for copying conditions.  There is NO
warranty; not even for MERCHANTABILITY or FITNESS FOR A PARTICULAR PURPOSE.

configure:2193: $? = 0
configure:2200: gcc -v >&5
Using built-in specs.
COLLECT_GCC=gcc
COLLECT_LTO_WRAPPER=/usr/lib/gcc/x86_64-linux-gnu/4.9/lto-wrapper
Target: x86_64-linux-gnu
Configured with: ../src/configure -v --with-pkgversion='Ubuntu 4.9.2-0ubuntu1~14.04' --with-bugurl=file:///usr/share/doc/gcc-4.9/README.Bugs --enable-languages=c,c++,java,go,d,fortran,objc,obj-c++ --prefix=/usr --program-suffix=-4.9 --enable-shared --enable-linker-build-id --libexecdir=/usr/lib --without-included-gettext --enable-threads=posix --with-gxx-include-dir=/usr/include/c++/4.9 --libdir=/usr/lib --enable-nls --with-sysroot=/ --enable-clocale=gnu --enable-libstdcxx-debug --enable-libstdcxx-time=yes --enable-gnu-unique-object --disable-vtable-verify --enable-plugin --with-system-zlib --disable-browser-plugin --enable-java-awt=gtk --enable-gtk-cairo --with-java-home=/usr/lib/jvm/java-1.5.0-gcj-4.9-amd64/jre --enable-java-home --with-jvm-root-dir=/usr/lib/jvm/java-1.5.0-gcj-4.9-amd64 --with-jvm-jar-dir=/usr/lib/jvm-exports/java-1.5.0-gcj-4.9-amd64 --with-arch-directory=amd64 --with-ecj-jar=/usr/share/java/eclipse-ecj.jar --enable-objc-gc --enable-multiarch --disable-werror --with-arch-32=i686 --with-abi=m64 --with-multilib-list=m32,m64,mx32 --enable-multilib --with-tune=generic --enable-checking=release --build=x86_64-linux-gnu --host=x86_64-linux-gnu --target=x86_64-linux-gnu
Thread model: posix
gcc version 4.9.2 (Ubuntu 4.9.2-0ubuntu1~14.04) 
configure:2203: $? = 0
configure:2210: gcc -V >&5
gcc: error: unrecognized command line option '-V'
gcc: fatal error: no input files
compilation terminated.
configure:2213: $? = 4
configure:2236: checking for C compiler default output file name
configure:2263: gcc    conftest.c  >&5
configure:2266: $? = 0
configure:2312: result: a.out
configure:2317: checking whether the C compiler works
configure:2327: ./a.out
configure:2330: $? = 0
configure:2347: result: yes
configure:2354: checking whether we are cross compiling
configure:2356: result: no
configure:2359: checking for suffix of executables
configure:2366: gcc -o conftest    conftest.c  >&5
configure:2369: $? = 0
configure:2393: result: 
configure:2399: checking for suffix of object files
configure:2425: gcc -c   conftest.c >&5
configure:2428: $? = 0
configure:2451: result: o
configure:2455: checking whether we are using the GNU C compiler
configure:2484: gcc -c   conftest.c >&5
configure:2490: $? = 0
configure:2497: test -z "$ac_c_werror_flag" || test ! -s conftest.err
configure:2500: $? = 0
configure:2507: test -s conftest.o
configure:2510: $? = 0
configure:2524: result: yes
configure:2529: checking whether gcc accepts -g
configure:2559: gcc -c -g  conftest.c >&5
configure:2565: $? = 0
configure:2572: test -z "$ac_c_werror_flag" || test ! -s conftest.err
configure:2575: $? = 0
configure:2582: test -s conftest.o
configure:2585: $? = 0
configure:2715: result: yes
configure:2732: checking for gcc option to accept ISO C89
configure:2806: gcc  -c -g -O2  conftest.c >&5
configure:2812: $? = 0
configure:2819: test -z "$ac_c_werror_flag" || test ! -s conftest.err
configure:2822: $? = 0
configure:2829: test -s conftest.o
configure:2832: $? = 0
configure:2852: result: none needed
configure:2871: checking whether gcc and cc understand -c and -o together
configure:2906: gcc -c conftest.c -o conftest2.o >&5
configure:2909: $? = 0
configure:2915: gcc -c conftest.c -o conftest2.o >&5
configure:2918: $? = 0
configure:2929: cc -c conftest.c >&5
configure:2932: $? = 0
configure:2940: cc -c conftest.c -o conftest2.o >&5
configure:2943: $? = 0
configure:2949: cc -c conftest.c -o conftest2.o >&5
configure:2952: $? = 0
configure:2970: result: yes
configure:2996: checking how to run the C preprocessor
configure:3036: gcc -E  conftest.c
configure:3042: $? = 0
configure:3080: gcc -E  conftest.c
conftest.c:8:28: fatal error: ac_nonexistent.h: No such file or directory
 #include <ac_nonexistent.h>
                            ^
compilation terminated.
configure:3086: $? = 1
configure: failed program was:
| /* confdefs.h.  */
| #define PACKAGE_NAME ""
| #define PACKAGE_TARNAME ""
| #define PACKAGE_VERSION ""
| #define PACKAGE_STRING ""
| #define PACKAGE_BUGREPORT ""
| /* end confdefs.h.  */
| #include <ac_nonexistent.h>
configure:3126: result: gcc -E
configure:3155: gcc -E  conftest.c
configure:3161: $? = 0
configure:3199: gcc -E  conftest.c
conftest.c:8:28: fatal error: ac_nonexistent.h: No such file or directory
 #include <ac_nonexistent.h>
                            ^
compilation terminated.
configure:3205: $? = 1
configure: failed program was:
| /* confdefs.h.  */
| #define PACKAGE_NAME ""
| #define PACKAGE_TARNAME ""
| #define PACKAGE_VERSION ""
| #define PACKAGE_STRING ""
| #define PACKAGE_BUGREPORT ""
| /* end confdefs.h.  */
| #include <ac_nonexistent.h>
configure:3250: checking for inline
configure:3276: gcc -c -g -O2  conftest.c >&5
configure:3282: $? = 0
configure:3289: test -z "$ac_c_werror_flag" || test ! -s conftest.err
configure:3292: $? = 0
configure:3299: test -s conftest.o
configure:3302: $? = 0
configure:3317: result: inline
configure:3337: checking for built-in _Bool
configure:3363: gcc -c -g -O2  conftest.c >&5
configure:3369: $? = 0
configure:3376: test -z "$ac_c_werror_flag" || test ! -s conftest.err
configure:3379: $? = 0
configure:3386: test -s conftest.o
configure:3389: $? = 0
configure:3402: result: yes
configure:3414: checking size of short
configure:3444: gcc -c -g -O2  conftest.c >&5
conftest.c: In function 'main':
conftest.c:16:20: error: duplicate case value
 switch (0) case 0: case (sizeof (short) == 4):;
                    ^
conftest.c:16:12: error: previously used here
 switch (0) case 0: case (sizeof (short) == 4):;
            ^
configure:3450: $? = 1
configure: failed program was:
| /* confdefs.h.  */
| #define PACKAGE_NAME ""
| #define PACKAGE_TARNAME ""
| #define PACKAGE_VERSION ""
| #define PACKAGE_STRING ""
| #define PACKAGE_BUGREPORT ""
| #define HAVE__BOOL 1
| /* end confdefs.h.  */
| #include "confdefs.h"
| #include <sys/types.h>
| 
| 
| int
| main ()
| {
| switch (0) case 0: case (sizeof (short) == 4):;
|   ;
|   return 0;
| }
configure:3444: gcc -c -g -O2  conftest.c >&5
conftest.c: In function 'main':
conftest.c:16:20: error: duplicate case value
 switch (0) case 0: case (sizeof (short) == 8):;
                    ^
conftest.c:16:12: error: previously used here
 switch (0) case 0: case (sizeof (short) == 8):;
            ^
configure:3450: $? = 1
configure: failed program was:
| /* confdefs.h.  */
| #define PACKAGE_NAME ""
| #define PACKAGE_TARNAME ""
| #define PACKAGE_VERSION ""
| #define PACKAGE_STRING ""
| #define PACKAGE_BUGREPORT ""
| #define HAVE__BOOL 1
| /* end confdefs.h.  */
| #include "confdefs.h"
| #include <sys/types.h>
| 
| 
| int
| main ()
| {
| switch (0) case 0: case (sizeof (short) == 8):;
|   ;
|   return 0;
| }
configure:3444: gcc -c -g -O2  conftest.c >&5
conftest.c: In function 'main':
conftest.c:16:20: error: duplicate case value
 switch (0) case 0: case (sizeof (short) == 1):;
                    ^
conftest.c:16:12: error: previously used here
 switch (0) case 0: case (sizeof (short) == 1):;
            ^
configure:3450: $? = 1
configure: failed program was:
| /* confdefs.h.  */
| #define PACKAGE_NAME ""
| #define PACKAGE_TARNAME ""
| #define PACKAGE_VERSION ""
| #define PACKAGE_STRING ""
| #define PACKAGE_BUGREPORT ""
| #define HAVE__BOOL 1
| /* end confdefs.h.  */
| #include "confdefs.h"
| #include <sys/types.h>
| 
| 
| int
| main ()
| {
| switch (0) case 0: case (sizeof (short) == 1):;
|   ;
|   return 0;
| }
configure:3444: gcc -c -g -O2  conftest.c >&5
configure:3450: $? = 0
configure:3457: test -z "$ac_c_werror_flag" || test ! -s conftest.err
configure:3460: $? = 0
configure:3467: test -s conftest.o
configure:3470: $? = 0
configure:3491: result: 2
configure:3499: checking size of int
configure:3529: gcc -c -g -O2  conftest.c >&5
configure:3535: $? = 0
configure:3542: test -z "$ac_c_werror_flag" || test ! -s conftest.err
configure:3545: $? = 0
configure:3552: test -s conftest.o
configure:3555: $? = 0
configure:3576: result: 4
configure:3584: checking size of long
configure:3614: gcc -c -g -O2  conftest.c >&5
conftest.c: In function 'main':
conftest.c:18:20: error: duplicate case value
 switch (0) case 0: case (sizeof (long) == 4):;
                    ^
conftest.c:18:12: error: previously used here
 switch (0) case 0: case (sizeof (long) == 4):;
            ^
configure:3620: $? = 1
configure: failed program was:
| /* confdefs.h.  */
| #define PACKAGE_NAME ""
| #define PACKAGE_TARNAME ""
| #define PACKAGE_VERSION ""
| #define PACKAGE_STRING ""
| #define PACKAGE_BUGREPORT ""
| #define HAVE__BOOL 1
| #define SIZEOF_SHORT 2
| #define SIZEOF_INT 4
| /* end confdefs.h.  */
| #include "confdefs.h"
| #include <sys/types.h>
| 
| 
| int
| main ()
| {
| switch (0) case 0: case (sizeof (long) == 4):;
|   ;
|   return 0;
| }
configure:3614: gcc -c -g -O2  conftest.c >&5
configure:3620: $? = 0
configure:3627: test -z "$ac_c_werror_flag" || test ! -s conftest.err
configure:3630: $? = 0
configure:3637: test -s conftest.o
configure:3640: $? = 0
configure:3661: result: 8
configure:3671: checking for grep that handles long lines and -e
configure:3745: result: /bin/grep
configure:3750: checking for egrep
configure:3828: result: /bin/grep -E
configure:3833: checking execution character set
configure:3878: result: ASCII
configure:3901: checking whether make sets $(MAKE)
configure:3922: result: yes
configure:3932: checking whether a default assembler was specified
configure:3943: result: no
configure:3947: checking whether a default linker was specified
configure:3958: result: no
configure:3967: checking for gawk
configure:3997: result: no
configure:3967: checking for mawk
configure:3983: found /usr/bin/mawk
configure:3994: result: mawk
configure:4013: checking whether ln works
configure:4036: result: yes
configure:4048: checking whether ln -s works
configure:4071: result: yes
configure:4126: checking for ranlib
configure:4142: found /usr/bin/ranlib
configure:4153: result: ranlib
configure:4220: checking for a BSD compatible install
configure:4262: result: /usr/bin/install -c
configure:4272: checking for ANSI C header files
configure:4302: gcc -c -g -O2  conftest.c >&5
configure:4308: $? = 0
configure:4315: test -z "$ac_c_werror_flag" || test ! -s conftest.err
configure:4318: $? = 0
configure:4325: test -s conftest.o
configure:4328: $? = 0
configure:4424: gcc -o conftest -g -O2   conftest.c  >&5
configure:4427: $? = 0
configure:4433: ./conftest
configure:4436: $? = 0
configure:4453: result: yes
configure:4463: checking whether time.h and sys/time.h may both be included
configure:4493: gcc -c -g -O2  conftest.c >&5
configure:4499: $? = 0
configure:4506: test -z "$ac_c_werror_flag" || test ! -s conftest.err
configure:4509: $? = 0
configure:4516: test -s conftest.o
configure:4519: $? = 0
configure:4531: result: yes
configure:4541: checking for working stdbool.h
configure:4567: gcc -c -g -O2  conftest.c >&5
configure:4573: $? = 0
configure:4580: test -z "$ac_c_werror_flag" || test ! -s conftest.err
configure:4583: $? = 0
configure:4590: test -s conftest.o
configure:4593: $? = 0
configure:4605: result: yes
configure:4615: checking whether string.h and strings.h may both be included
configure:4642: gcc -c -g -O2  conftest.c >&5
configure:4648: $? = 0
configure:4655: test -z "$ac_c_werror_flag" || test ! -s conftest.err
configure:4658: $? = 0
configure:4665: test -s conftest.o
configure:4668: $? = 0
configure:4680: result: yes
configure:4690: checking for sys/wait.h that is POSIX.1 compatible
configure:4726: gcc -c -g -O2  conftest.c >&5
configure:4732: $? = 0
configure:4739: test -z "$ac_c_werror_flag" || test ! -s conftest.err
configure:4742: $? = 0
configure:4749: test -s conftest.o
configure:4752: $? = 0
configure:4764: result: yes
configure:4788: checking for sys/types.h
configure:4809: gcc -c -g -O2  conftest.c >&5
configure:4815: $? = 0
configure:4822: test -z "$ac_c_werror_flag" || test ! -s conftest.err
configure:4825: $? = 0
configure:4832: test -s conftest.o
configure:4835: $? = 0
configure:4848: result: yes
configure:4788: checking for sys/stat.h
configure:4809: gcc -c -g -O2  conftest.c >&5
configure:4815: $? = 0
configure:4822: test -z "$ac_c_werror_flag" || test ! -s conftest.err
configure:4825: $? = 0
configure:4832: test -s conftest.o
configure:4835: $? = 0
configure:4848: result: yes
configure:4788: checking for stdlib.h
configure:4809: gcc -c -g -O2  conftest.c >&5
configure:4815: $? = 0
configure:4822: test -z "$ac_c_werror_flag" || test ! -s conftest.err
configure:4825: $? = 0
configure:4832: test -s conftest.o
configure:4835: $? = 0
configure:4848: result: yes
configure:4788: checking for string.h
configure:4809: gcc -c -g -O2  conftest.c >&5
configure:4815: $? = 0
configure:4822: test -z "$ac_c_werror_flag" || test ! -s conftest.err
configure:4825: $? = 0
configure:4832: test -s conftest.o
configure:4835: $? = 0
configure:4848: result: yes
configure:4788: checking for memory.h
configure:4809: gcc -c -g -O2  conftest.c >&5
configure:4815: $? = 0
configure:4822: test -z "$ac_c_werror_flag" || test ! -s conftest.err
configure:4825: $? = 0
configure:4832: test -s conftest.o
configure:4835: $? = 0
configure:4848: result: yes
configure:4788: checking for strings.h
configure:4809: gcc -c -g -O2  conftest.c >&5
configure:4815: $? = 0
configure:4822: test -z "$ac_c_werror_flag" || test ! -s conftest.err
configure:4825: $? = 0
configure:4832: test -s conftest.o
configure:4835: $? = 0
configure:4848: result: yes
configure:4788: checking for inttypes.h
configure:4809: gcc -c -g -O2  conftest.c >&5
configure:4815: $? = 0
configure:4822: test -z "$ac_c_werror_flag" || test ! -s conftest.err
configure:4825: $? = 0
configure:4832: test -s conftest.o
configure:4835: $? = 0
configure:4848: result: yes
configure:4788: checking for stdint.h
configure:4809: gcc -c -g -O2  conftest.c >&5
configure:4815: $? = 0
configure:4822: test -z "$ac_c_werror_flag" || test ! -s conftest.err
configure:4825: $? = 0
configure:4832: test -s conftest.o
configure:4835: $? = 0
configure:4848: result: yes
configure:4788: checking for unistd.h
configure:4809: gcc -c -g -O2  conftest.c >&5
configure:4815: $? = 0
configure:4822: test -z "$ac_c_werror_flag" || test ! -s conftest.err
configure:4825: $? = 0
configure:4832: test -s conftest.o
configure:4835: $? = 0
configure:4848: result: yes
configure:4891: checking limits.h usability
configure:4908: gcc -c -g -O2  conftest.c >&5
configure:4914: $? = 0
configure:4921: test -z "$ac_c_werror_flag" || test ! -s conftest.err
configure:4924: $? = 0
configure:4931: test -s conftest.o
configure:4934: $? = 0
configure:4945: result: yes
configure:4949: checking limits.h presence
configure:4964: gcc -E  conftest.c
configure:4970: $? = 0
configure:4991: result: yes
configure:5019: checking for limits.h
configure:5027: result: yes
configure:4891: checking stddef.h usability
configure:4908: gcc -c -g -O2  conftest.c >&5
configure:4914: $? = 0
configure:4921: test -z "$ac_c_werror_flag" || test ! -s conftest.err
configure:4924: $? = 0
configure:4931: test -s conftest.o
configure:4934: $? = 0
configure:4945: result: yes
configure:4949: checking stddef.h presence
configure:4964: gcc -E  conftest.c
configure:4970: $? = 0
configure:4991: result: yes
configure:5019: checking for stddef.h
configure:5027: result: yes
configure:4881: checking for string.h
configure:4887: result: yes
configure:4881: checking for strings.h
configure:4887: result: yes
configure:4881: checking for stdlib.h
configure:4887: result: yes
configure:4891: checking time.h usability
configure:4908: gcc -c -g -O2  conftest.c >&5
configure:4914: $? = 0
configure:4921: test -z "$ac_c_werror_flag" || test ! -s conftest.err
configure:4924: $? = 0
configure:4931: test -s conftest.o
configure:4934: $? = 0
configure:4945: result: yes
configure:4949: checking time.h presence
configure:4964: gcc -E  conftest.c
configure:4970: $? = 0
configure:4991: result: yes
configure:5019: checking for time.h
configure:5027: result: yes
configure:4891: checking fcntl.h usability
configure:4908: gcc -c -g -O2  conftest.c >&5
configure:4914: $? = 0
configure:4921: test -z "$ac_c_werror_flag" || test ! -s conftest.err
configure:4924: $? = 0
configure:4931: test -s conftest.o
configure:4934: $? = 0
configure:4945: result: yes
configure:4949: checking fcntl.h presence
configure:4964: gcc -E  conftest.c
configure:4970: $? = 0
configure:4991: result: yes
configure:5019: checking for fcntl.h
configure:5027: result: yes
configure:4881: checking for unistd.h
configure:4887: result: yes
configure:4891: checking sys/file.h usability
configure:4908: gcc -c -g -O2  conftest.c >&5
configure:4914: $? = 0
configure:4921: test -z "$ac_c_werror_flag" || test ! -s conftest.err
configure:4924: $? = 0
configure:4931: test -s conftest.o
configure:4934: $? = 0
configure:4945: result: yes
configure:4949: checking sys/file.h presence
configure:4964: gcc -E  conftest.c
configure:4970: $? = 0
configure:4991: result: yes
configure:5019: checking for sys/file.h
configure:5027: result: yes
configure:4891: checking sys/time.h usability
configure:4908: gcc -c -g -O2  conftest.c >&5
configure:4914: $? = 0
configure:4921: test -z "$ac_c_werror_flag" || test ! -s conftest.err
configure:4924: $? = 0
configure:4931: test -s conftest.o
configure:4934: $? = 0
configure:4945: result: yes
configure:4949: checking sys/time.h presence
configure:4964: gcc -E  conftest.c
configure:4970: $? = 0
configure:4991: result: yes
configure:5019: checking for sys/time.h
configure:5027: result: yes
configure:4891: checking sys/param.h usability
configure:4908: gcc -c -g -O2  conftest.c >&5
configure:4914: $? = 0
configure:4921: test -z "$ac_c_werror_flag" || test ! -s conftest.err
configure:4924: $? = 0
configure:4931: test -s conftest.o
configure:4934: $? = 0
configure:4945: result: yes
configure:4949: checking sys/param.h presence
configure:4964: gcc -E  conftest.c
configure:4970: $? = 0
configure:4991: result: yes
configure:5019: checking for sys/param.h
configure:5027: result: yes
configure:4881: checking for sys/stat.h
configure:4887: result: yes
configure:4891: checking direct.h usability
configure:4908: gcc -c -g -O2  conftest.c >&5
conftest.c:71:20: fatal error: direct.h: No such file or directory
 #include <direct.h>
                    ^
compilation terminated.
configure:4914: $? = 1
configure: failed program was:
| /* confdefs.h.  */
| #define PACKAGE_NAME ""
| #define PACKAGE_TARNAME ""
| #define PACKAGE_VERSION ""
| #define PACKAGE_STRING ""
| #define PACKAGE_BUGREPORT ""
| #define HAVE__BOOL 1
| #define SIZEOF_SHORT 2
| #define SIZEOF_INT 4
| #define SIZEOF_LONG 8
| #define STDC_HEADERS 1
| #define TIME_WITH_SYS_TIME 1
| #define HAVE_STDBOOL_H 1
| #define STRING_WITH_STRINGS 1
| #define HAVE_SYS_WAIT_H 1
| #define HAVE_SYS_TYPES_H 1
| #define HAVE_SYS_STAT_H 1
| #define HAVE_STDLIB_H 1
| #define HAVE_STRING_H 1
| #define HAVE_MEMORY_H 1
| #define HAVE_STRINGS_H 1
| #define HAVE_INTTYPES_H 1
| #define HAVE_STDINT_H 1
| #define HAVE_UNISTD_H 1
| #define HAVE_LIMITS_H 1
| #define HAVE_STDDEF_H 1
| #define HAVE_STRING_H 1
| #define HAVE_STRINGS_H 1
| #define HAVE_STDLIB_H 1
| #define HAVE_TIME_H 1
| #define HAVE_FCNTL_H 1
| #define HAVE_UNISTD_H 1
| #define HAVE_SYS_FILE_H 1
| #define HAVE_SYS_TIME_H 1
| #define HAVE_SYS_PARAM_H 1
| #define HAVE_SYS_STAT_H 1
| /* end confdefs.h.  */
| #include <stdio.h>
| #if HAVE_SYS_TYPES_H
| # include <sys/types.h>
| #endif
| #if HAVE_SYS_STAT_H
| # include <sys/stat.h>
| #endif
| #if STDC_HEADERS
| # include <stdlib.h>
| # include <stddef.h>
| #else
| # if HAVE_STDLIB_H
| #  include <stdlib.h>
| # endif
| #endif
| #if HAVE_STRING_H
| # if !STDC_HEADERS && HAVE_MEMORY_H
| #  include <memory.h>
| # endif
| # include <string.h>
| #endif
| #if HAVE_STRINGS_H
| # include <strings.h>
| #endif
| #if HAVE_INTTYPES_H
| # include <inttypes.h>
| #endif
| #if HAVE_STDINT_H
| # include <stdint.h>
| #endif
| #if HAVE_UNISTD_H
| # include <unistd.h>
| #endif
| #include <direct.h>
configure:4945: result: no
configure:4949: checking direct.h presence
configure:4964: gcc -E  conftest.c
conftest.c:38:20: fatal error: direct.h: No such file or directory
 #include <direct.h>
                    ^
compilation terminated.
configure:4970: $? = 1
configure: failed program was:
| /* confdefs.h.  */
| #define PACKAGE_NAME ""
| #define PACKAGE_TARNAME ""
| #define PACKAGE_VERSION ""
| #define PACKAGE_STRING ""
| #define PACKAGE_BUGREPORT ""
| #define HAVE__BOOL 1
| #define SIZEOF_SHORT 2
| #define SIZEOF_INT 4
| #define SIZEOF_LONG 8
| #define STDC_HEADERS 1
| #define TIME_WITH_SYS_TIME 1
| #define HAVE_STDBOOL_H 1
| #define STRING_WITH_STRINGS 1
| #define HAVE_SYS_WAIT_H 1
| #define HAVE_SYS_TYPES_H 1
| #define HAVE_SYS_STAT_H 1
| #define HAVE_STDLIB_H 1
| #define HAVE_STRING_H 1
| #define HAVE_MEMORY_H 1
| #define HAVE_STRINGS_H 1
| #define HAVE_INTTYPES_H 1
| #define HAVE_STDINT_H 1
| #define HAVE_UNISTD_H 1
| #define HAVE_LIMITS_H 1
| #define HAVE_STDDEF_H 1
| #define HAVE_STRING_H 1
| #define HAVE_STRINGS_H 1
| #define HAVE_STDLIB_H 1
| #define HAVE_TIME_H 1
| #define HAVE_FCNTL_H 1
| #define HAVE_UNISTD_H 1
| #define HAVE_SYS_FILE_H 1
| #define HAVE_SYS_TIME_H 1
| #define HAVE_SYS_PARAM_H 1
| #define HAVE_SYS_STAT_H 1
| /* end confdefs.h.  */
| #include <direct.h>
configure:4991: result: no
configure:5019: checking for direct.h
configure:5027: result: no
configure:4891: checking malloc.h usability
configure:4908: gcc -c -g -O2  conftest.c >&5
configure:4914: $? = 0
configure:4921: test -z "$ac_c_werror_flag" || test ! -s conftest.err
configure:4924: $? = 0
configure:4931: test -s conftest.o
configure:4934: $? = 0
configure:4945: result: yes
configure:4949: checking malloc.h presence
configure:4964: gcc -E  conftest.c
configure:4970: $? = 0
configure:4991: result: yes
configure:5019: checking for malloc.h
configure:5027: result: yes
configure:5044: checking for CHAR_BIT
configure:5072: result: yes
configure:5163: checking byte ordering
configure:5197: gcc -c -g -O2  conftest.c >&5
configure:5200: $? = 0
configure:5227: result: little-endian
configure:5245: checking for mktemp
configure:5261: found /bin/mktemp
configure:5273: result: yes
configure:5284: checking for strip
configure:5300: found /usr/bin/strip
configure:5312: result: strip
configure:5323: checking for preprocessor stringizing operator
configure:5347: result: yes
configure:5367: checking for clock
configure:5423: gcc -o conftest -g -O2   conftest.c  >&5
configure:5429: $? = 0
configure:5436: test -z "$ac_c_werror_flag" || test ! -s conftest.err
configure:5439: $? = 0
configure:5446: test -s conftest
configure:5449: $? = 0
configure:5463: result: yes
configure:5367: checking for strsignal
configure:5423: gcc -o conftest -g -O2   conftest.c  >&5
configure:5429: $? = 0
configure:5436: test -z "$ac_c_werror_flag" || test ! -s conftest.err
configure:5439: $? = 0
configure:5446: test -s conftest
configure:5449: $? = 0
configure:5463: result: yes
configure:5367: checking for strchr
configure:5423: gcc -o conftest -g -O2   conftest.c  >&5
conftest.c:65:6: warning: conflicting types for built-in function 'strchr'
 char strchr ();
      ^
configure:5429: $? = 0
configure:5436: test -z "$ac_c_werror_flag" || test ! -s conftest.err
configure:5439: $? = 0
configure:5446: test -s conftest
configure:5449: $? = 0
configure:5463: result: yes
configure:5367: checking for strrchr
configure:5423: gcc -o conftest -g -O2   conftest.c  >&5
conftest.c:66:6: warning: conflicting types for built-in function 'strrchr'
 char strrchr ();
      ^
configure:5429: $? = 0
configure:5436: test -z "$ac_c_werror_flag" || test ! -s conftest.err
configure:5439: $? = 0
configure:5446: test -s conftest
configure:5449: $? = 0
configure:5463: result: yes
configure:5367: checking for lstat
configure:5423: gcc -o conftest -g -O2   conftest.c  >&5
configure:5429: $? = 0
configure:5436: test -z "$ac_c_werror_flag" || test ! -s conftest.err
configure:5439: $? = 0
configure:5446: test -s conftest
configure:5449: $? = 0
configure:5463: result: yes
configure:5474: checking for ssize_t
configure:5504: gcc -c -g -O2  conftest.c >&5
configure:5510: $? = 0
configure:5517: test -z "$ac_c_werror_flag" || test ! -s conftest.err
configure:5520: $? = 0
configure:5527: test -s conftest.o
configure:5530: $? = 0
configure:5542: result: yes
configure:5559: checking for getpagesize
configure:5615: gcc -o conftest -g -O2   conftest.c  >&5
configure:5621: $? = 0
configure:5628: test -z "$ac_c_werror_flag" || test ! -s conftest.err
configure:5631: $? = 0
configure:5638: test -s conftest
configure:5641: $? = 0
configure:5655: result: yes
configure:5911: checking for working mmap from /dev/zero
configure:5941: gcc -o conftest -g -O2   conftest.c  >&5
In file included from conftest.c:46:0:
ct-mmap.inc: In function 'test_0':
ct-mmap.inc:59:21: warning: incompatible implicit declaration of built-in function 'exit'
   do { perror(str); exit(val); } while (0)
                     ^
ct-mmap.inc:97:5: note: in expansion of macro 'perror_exit'
     perror_exit("test 0 mmap", 2);
     ^
ct-mmap.inc:59:21: warning: incompatible implicit declaration of built-in function 'exit'
   do { perror(str); exit(val); } while (0)
                     ^
ct-mmap.inc:102:5: note: in expansion of macro 'perror_exit'
     perror_exit("test 0 munmap", 3);
     ^
ct-mmap.inc: In function 'test_1':
ct-mmap.inc:59:21: warning: incompatible implicit declaration of built-in function 'exit'
   do { perror(str); exit(val); } while (0)
                     ^
ct-mmap.inc:112:5: note: in expansion of macro 'perror_exit'
     perror_exit ("test 1 mmap", 4);
     ^
ct-mmap.inc:59:21: warning: incompatible implicit declaration of built-in function 'exit'
   do { perror(str); exit(val); } while (0)
                     ^
ct-mmap.inc:116:5: note: in expansion of macro 'perror_exit'
     perror_exit ("test 1 fault", 5);
     ^
ct-mmap.inc:59:21: warning: incompatible implicit declaration of built-in function 'exit'
   do { perror(str); exit(val); } while (0)
                     ^
ct-mmap.inc:122:5: note: in expansion of macro 'perror_exit'
     perror_exit ("test 1 munmap 1", 6);
     ^
ct-mmap.inc:59:21: warning: incompatible implicit declaration of built-in function 'exit'
   do { perror(str); exit(val); } while (0)
                     ^
ct-mmap.inc:128:7: note: in expansion of macro 'perror_exit'
       perror_exit ("test 1 no fault", 7);
       ^
ct-mmap.inc:59:21: warning: incompatible implicit declaration of built-in function 'exit'
   do { perror(str); exit(val); } while (0)
                     ^
ct-mmap.inc:131:5: note: in expansion of macro 'perror_exit'
     perror_exit ("test 1 munmap 2", 8);
     ^
ct-mmap.inc: In function 'test_2':
ct-mmap.inc:59:21: warning: incompatible implicit declaration of built-in function 'exit'
   do { perror(str); exit(val); } while (0)
                     ^
ct-mmap.inc:141:5: note: in expansion of macro 'perror_exit'
     perror_exit ("test 2 mmap", 9);
     ^
ct-mmap.inc:59:21: warning: incompatible implicit declaration of built-in function 'exit'
   do { perror(str); exit(val); } while (0)
                     ^
ct-mmap.inc:145:5: note: in expansion of macro 'perror_exit'
     perror_exit ("test 2 fault", 10);
     ^
ct-mmap.inc:59:21: warning: incompatible implicit declaration of built-in function 'exit'
   do { perror(str); exit(val); } while (0)
                     ^
ct-mmap.inc:151:5: note: in expansion of macro 'perror_exit'
     perror_exit ("test 2 munmap 1", 11);
     ^
ct-mmap.inc:59:21: warning: incompatible implicit declaration of built-in function 'exit'
   do { perror(str); exit(val); } while (0)
                     ^
ct-mmap.inc:158:7: note: in expansion of macro 'perror_exit'
       perror_exit ("test 2 no fault", 12);
       ^
ct-mmap.inc:59:21: warning: incompatible implicit declaration of built-in function 'exit'
   do { perror(str); exit(val); } while (0)
                     ^
ct-mmap.inc:162:5: note: in expansion of macro 'perror_exit'
     perror_exit ("test 2 munmap 2", 13);
     ^
ct-mmap.inc: In function 'test_3':
ct-mmap.inc:59:21: warning: incompatible implicit declaration of built-in function 'exit'
   do { perror(str); exit(val); } while (0)
                     ^
ct-mmap.inc:182:5: note: in expansion of macro 'perror_exit'
     perror_exit ("test 3 mmap 1", 14);
     ^
ct-mmap.inc:59:21: warning: incompatible implicit declaration of built-in function 'exit'
   do { perror(str); exit(val); } while (0)
                     ^
ct-mmap.inc:185:5: note: in expansion of macro 'perror_exit'
     perror_exit ("test 3 mmap 2", 15);
     ^
ct-mmap.inc:195:4: warning: incompatible implicit declaration of built-in function 'exit'
    exit (16);
    ^
ct-mmap.inc:59:21: warning: incompatible implicit declaration of built-in function 'exit'
   do { perror(str); exit(val); } while (0)
                     ^
ct-mmap.inc:201:5: note: in expansion of macro 'perror_exit'
     perror_exit ("test 3 fault", 17);
     ^
ct-mmap.inc:59:21: warning: incompatible implicit declaration of built-in function 'exit'
   do { perror(str); exit(val); } while (0)
                     ^
ct-mmap.inc:207:5: note: in expansion of macro 'perror_exit'
     perror_exit ("test 3 munmap", 18);
     ^
ct-mmap.inc:59:21: warning: incompatible implicit declaration of built-in function 'exit'
   do { perror(str); exit(val); } while (0)
                     ^
ct-mmap.inc:212:7: note: in expansion of macro 'perror_exit'
       perror_exit ("test 3 no fault 1", 19);
       ^
ct-mmap.inc:59:21: warning: incompatible implicit declaration of built-in function 'exit'
   do { perror(str); exit(val); } while (0)
                     ^
ct-mmap.inc:219:7: note: in expansion of macro 'perror_exit'
       perror_exit ("test 3 no fault 2", 20);
       ^
ct-mmap.inc: In function 'main':
ct-mmap.inc:59:21: warning: incompatible implicit declaration of built-in function 'exit'
   do { perror(str); exit(val); } while (0)
                     ^
ct-mmap.inc:232:5: note: in expansion of macro 'perror_exit'
     perror_exit ("open /dev/zero", 1);
     ^
ct-mmap.inc:240:3: warning: incompatible implicit declaration of built-in function 'exit'
   exit(0);
   ^
configure:5944: $? = 0
configure:5950: ./conftest
configure:5953: $? = 0
configure:5973: result: yes
configure:5983: checking for working mmap with MAP_ANON(YMOUS)
configure:6008: gcc -o conftest -g -O2   conftest.c  >&5
In file included from conftest.c:48:0:
ct-mmap.inc: In function 'test_0':
ct-mmap.inc:59:21: warning: incompatible implicit declaration of built-in function 'exit'
   do { perror(str); exit(val); } while (0)
                     ^
ct-mmap.inc:97:5: note: in expansion of macro 'perror_exit'
     perror_exit("test 0 mmap", 2);
     ^
ct-mmap.inc:59:21: warning: incompatible implicit declaration of built-in function 'exit'
   do { perror(str); exit(val); } while (0)
                     ^
ct-mmap.inc:102:5: note: in expansion of macro 'perror_exit'
     perror_exit("test 0 munmap", 3);
     ^
ct-mmap.inc: In function 'test_1':
ct-mmap.inc:59:21: warning: incompatible implicit declaration of built-in function 'exit'
   do { perror(str); exit(val); } while (0)
                     ^
ct-mmap.inc:112:5: note: in expansion of macro 'perror_exit'
     perror_exit ("test 1 mmap", 4);
     ^
ct-mmap.inc:59:21: warning: incompatible implicit declaration of built-in function 'exit'
   do { perror(str); exit(val); } while (0)
                     ^
ct-mmap.inc:116:5: note: in expansion of macro 'perror_exit'
     perror_exit ("test 1 fault", 5);
     ^
ct-mmap.inc:59:21: warning: incompatible implicit declaration of built-in function 'exit'
   do { perror(str); exit(val); } while (0)
                     ^
ct-mmap.inc:122:5: note: in expansion of macro 'perror_exit'
     perror_exit ("test 1 munmap 1", 6);
     ^
ct-mmap.inc:59:21: warning: incompatible implicit declaration of built-in function 'exit'
   do { perror(str); exit(val); } while (0)
                     ^
ct-mmap.inc:128:7: note: in expansion of macro 'perror_exit'
       perror_exit ("test 1 no fault", 7);
       ^
ct-mmap.inc:59:21: warning: incompatible implicit declaration of built-in function 'exit'
   do { perror(str); exit(val); } while (0)
                     ^
ct-mmap.inc:131:5: note: in expansion of macro 'perror_exit'
     perror_exit ("test 1 munmap 2", 8);
     ^
ct-mmap.inc: In function 'test_2':
ct-mmap.inc:59:21: warning: incompatible implicit declaration of built-in function 'exit'
   do { perror(str); exit(val); } while (0)
                     ^
ct-mmap.inc:141:5: note: in expansion of macro 'perror_exit'
     perror_exit ("test 2 mmap", 9);
     ^
ct-mmap.inc:59:21: warning: incompatible implicit declaration of built-in function 'exit'
   do { perror(str); exit(val); } while (0)
                     ^
ct-mmap.inc:145:5: note: in expansion of macro 'perror_exit'
     perror_exit ("test 2 fault", 10);
     ^
ct-mmap.inc:59:21: warning: incompatible implicit declaration of built-in function 'exit'
   do { perror(str); exit(val); } while (0)
                     ^
ct-mmap.inc:151:5: note: in expansion of macro 'perror_exit'
     perror_exit ("test 2 munmap 1", 11);
     ^
ct-mmap.inc:59:21: warning: incompatible implicit declaration of built-in function 'exit'
   do { perror(str); exit(val); } while (0)
                     ^
ct-mmap.inc:158:7: note: in expansion of macro 'perror_exit'
       perror_exit ("test 2 no fault", 12);
       ^
ct-mmap.inc:59:21: warning: incompatible implicit declaration of built-in function 'exit'
   do { perror(str); exit(val); } while (0)
                     ^
ct-mmap.inc:162:5: note: in expansion of macro 'perror_exit'
     perror_exit ("test 2 munmap 2", 13);
     ^
ct-mmap.inc: In function 'test_3':
ct-mmap.inc:59:21: warning: incompatible implicit declaration of built-in function 'exit'
   do { perror(str); exit(val); } while (0)
                     ^
ct-mmap.inc:182:5: note: in expansion of macro 'perror_exit'
     perror_exit ("test 3 mmap 1", 14);
     ^
ct-mmap.inc:59:21: warning: incompatible implicit declaration of built-in function 'exit'
   do { perror(str); exit(val); } while (0)
                     ^
ct-mmap.inc:185:5: note: in expansion of macro 'perror_exit'
     perror_exit ("test 3 mmap 2", 15);
     ^
ct-mmap.inc:195:4: warning: incompatible implicit declaration of built-in function 'exit'
    exit (16);
    ^
ct-mmap.inc:59:21: warning: incompatible implicit declaration of built-in function 'exit'
   do { perror(str); exit(val); } while (0)
                     ^
ct-mmap.inc:201:5: note: in expansion of macro 'perror_exit'
     perror_exit ("test 3 fault", 17);
     ^
ct-mmap.inc:59:21: warning: incompatible implicit declaration of built-in function 'exit'
   do { perror(str); exit(val); } while (0)
                     ^
ct-mmap.inc:207:5: note: in expansion of macro 'perror_exit'
     perror_exit ("test 3 munmap", 18);
     ^
ct-mmap.inc:59:21: warning: incompatible implicit declaration of built-in function 'exit'
   do { perror(str); exit(val); } while (0)
                     ^
ct-mmap.inc:212:7: note: in expansion of macro 'perror_exit'
       perror_exit ("test 3 no fault 1", 19);
       ^
ct-mmap.inc:59:21: warning: incompatible implicit declaration of built-in function 'exit'
   do { perror(str); exit(val); } while (0)
                     ^
ct-mmap.inc:219:7: note: in expansion of macro 'perror_exit'
       perror_exit ("test 3 no fault 2", 20);
       ^
ct-mmap.inc: In function 'main':
ct-mmap.inc:240:3: warning: incompatible implicit declaration of built-in function 'exit'
   exit(0);
   ^
configure:6011: $? = 0
configure:6017: ./conftest
configure:6020: $? = 0
configure:6040: result: yes
configure:6051: checking for working mmap of a file
configure:6113: gcc -o conftest -g -O2   conftest.c  >&5
conftest.c: In function 'main':
conftest.c:65:5: warning: incompatible implicit declaration of built-in function 'exit'
     exit(1);
     ^
configure:6116: $? = 0
configure:6122: ./conftest
configure:6125: $? = 0
configure:6141: result: yes
configure:6159: checking whether getenv is declared
configure:6192: gcc -c -g -O2 -I. -I./../include  conftest.c >&5
In file included from conftest.c:53:0:
system.h:183:24: fatal error: safe-ctype.h: No such file or directory
 #include <safe-ctype.h>
                        ^
compilation terminated.
configure:6198: $? = 1
configure: failed program was:
| /* confdefs.h.  */
| #define PACKAGE_NAME ""
| #define PACKAGE_TARNAME ""
| #define PACKAGE_VERSION ""
| #define PACKAGE_STRING ""
| #define PACKAGE_BUGREPORT ""
| #define HAVE__BOOL 1
| #define SIZEOF_SHORT 2
| #define SIZEOF_INT 4
| #define SIZEOF_LONG 8
| #define STDC_HEADERS 1
| #define TIME_WITH_SYS_TIME 1
| #define HAVE_STDBOOL_H 1
| #define STRING_WITH_STRINGS 1
| #define HAVE_SYS_WAIT_H 1
| #define HAVE_SYS_TYPES_H 1
| #define HAVE_SYS_STAT_H 1
| #define HAVE_STDLIB_H 1
| #define HAVE_STRING_H 1
| #define HAVE_MEMORY_H 1
| #define HAVE_STRINGS_H 1
| #define HAVE_INTTYPES_H 1
| #define HAVE_STDINT_H 1
| #define HAVE_UNISTD_H 1
| #define HAVE_LIMITS_H 1
| #define HAVE_STDDEF_H 1
| #define HAVE_STRING_H 1
| #define HAVE_STRINGS_H 1
| #define HAVE_STDLIB_H 1
| #define HAVE_TIME_H 1
| #define HAVE_FCNTL_H 1
| #define HAVE_UNISTD_H 1
| #define HAVE_SYS_FILE_H 1
| #define HAVE_SYS_TIME_H 1
| #define HAVE_SYS_PARAM_H 1
| #define HAVE_SYS_STAT_H 1
| #define HAVE_MALLOC_H 1
| #define HAVE_STRINGIZE 1
| #define HAVE_CLOCK 1
| #define HAVE_STRSIGNAL 1
| #define HAVE_STRCHR 1
| #define HAVE_STRRCHR 1
| #define HAVE_LSTAT 1
| #define HAVE_GETPAGESIZE 1
| #define HAVE_MMAP_DEV_ZERO 1
| #define HAVE_MMAP_ANON 1
| #define HAVE_MMAP_FILE 1
| /* end confdefs.h.  */
| #undef HAVE_DECL_GETENV
| #define HAVE_DECL_GETENV 1
| 
| #include "ansidecl.h"
| #include "system.h"
| 
| int
| main ()
| {
| #ifndef getenv
| char *(*pfn) = (char *(*)) getenv ;
| #endif
|   ;
|   return 0;
| }
configure:6238: result: no
configure:6159: checking whether abort is declared
configure:6192: gcc -c -g -O2 -I. -I./../include  conftest.c >&5
In file included from conftest.c:54:0:
system.h:183:24: fatal error: safe-ctype.h: No such file or directory
 #include <safe-ctype.h>
                        ^
compilation terminated.
configure:6198: $? = 1
configure: failed program was:
| /* confdefs.h.  */
| #define PACKAGE_NAME ""
| #define PACKAGE_TARNAME ""
| #define PACKAGE_VERSION ""
| #define PACKAGE_STRING ""
| #define PACKAGE_BUGREPORT ""
| #define HAVE__BOOL 1
| #define SIZEOF_SHORT 2
| #define SIZEOF_INT 4
| #define SIZEOF_LONG 8
| #define STDC_HEADERS 1
| #define TIME_WITH_SYS_TIME 1
| #define HAVE_STDBOOL_H 1
| #define STRING_WITH_STRINGS 1
| #define HAVE_SYS_WAIT_H 1
| #define HAVE_SYS_TYPES_H 1
| #define HAVE_SYS_STAT_H 1
| #define HAVE_STDLIB_H 1
| #define HAVE_STRING_H 1
| #define HAVE_MEMORY_H 1
| #define HAVE_STRINGS_H 1
| #define HAVE_INTTYPES_H 1
| #define HAVE_STDINT_H 1
| #define HAVE_UNISTD_H 1
| #define HAVE_LIMITS_H 1
| #define HAVE_STDDEF_H 1
| #define HAVE_STRING_H 1
| #define HAVE_STRINGS_H 1
| #define HAVE_STDLIB_H 1
| #define HAVE_TIME_H 1
| #define HAVE_FCNTL_H 1
| #define HAVE_UNISTD_H 1
| #define HAVE_SYS_FILE_H 1
| #define HAVE_SYS_TIME_H 1
| #define HAVE_SYS_PARAM_H 1
| #define HAVE_SYS_STAT_H 1
| #define HAVE_MALLOC_H 1
| #define HAVE_STRINGIZE 1
| #define HAVE_CLOCK 1
| #define HAVE_STRSIGNAL 1
| #define HAVE_STRCHR 1
| #define HAVE_STRRCHR 1
| #define HAVE_LSTAT 1
| #define HAVE_GETPAGESIZE 1
| #define HAVE_MMAP_DEV_ZERO 1
| #define HAVE_MMAP_ANON 1
| #define HAVE_MMAP_FILE 1
| #define HAVE_DECL_GETENV 0
| /* end confdefs.h.  */
| #undef HAVE_DECL_ABORT
| #define HAVE_DECL_ABORT 1
| 
| #include "ansidecl.h"
| #include "system.h"
| 
| int
| main ()
| {
| #ifndef abort
| char *(*pfn) = (char *(*)) abort ;
| #endif
|   ;
|   return 0;
| }
configure:6238: result: no
configure:6159: checking whether strsignal is declared
configure:6192: gcc -c -g -O2 -I. -I./../include  conftest.c >&5
In file included from conftest.c:55:0:
system.h:183:24: fatal error: safe-ctype.h: No such file or directory
 #include <safe-ctype.h>
                        ^
compilation terminated.
configure:6198: $? = 1
configure: failed program was:
| /* confdefs.h.  */
| #define PACKAGE_NAME ""
| #define PACKAGE_TARNAME ""
| #define PACKAGE_VERSION ""
| #define PACKAGE_STRING ""
| #define PACKAGE_BUGREPORT ""
| #define HAVE__BOOL 1
| #define SIZEOF_SHORT 2
| #define SIZEOF_INT 4
| #define SIZEOF_LONG 8
| #define STDC_HEADERS 1
| #define TIME_WITH_SYS_TIME 1
| #define HAVE_STDBOOL_H 1
| #define STRING_WITH_STRINGS 1
| #define HAVE_SYS_WAIT_H 1
| #define HAVE_SYS_TYPES_H 1
| #define HAVE_SYS_STAT_H 1
| #define HAVE_STDLIB_H 1
| #define HAVE_STRING_H 1
| #define HAVE_MEMORY_H 1
| #define HAVE_STRINGS_H 1
| #define HAVE_INTTYPES_H 1
| #define HAVE_STDINT_H 1
| #define HAVE_UNISTD_H 1
| #define HAVE_LIMITS_H 1
| #define HAVE_STDDEF_H 1
| #define HAVE_STRING_H 1
| #define HAVE_STRINGS_H 1
| #define HAVE_STDLIB_H 1
| #define HAVE_TIME_H 1
| #define HAVE_FCNTL_H 1
| #define HAVE_UNISTD_H 1
| #define HAVE_SYS_FILE_H 1
| #define HAVE_SYS_TIME_H 1
| #define HAVE_SYS_PARAM_H 1
| #define HAVE_SYS_STAT_H 1
| #define HAVE_MALLOC_H 1
| #define HAVE_STRINGIZE 1
| #define HAVE_CLOCK 1
| #define HAVE_STRSIGNAL 1
| #define HAVE_STRCHR 1
| #define HAVE_STRRCHR 1
| #define HAVE_LSTAT 1
| #define HAVE_GETPAGESIZE 1
| #define HAVE_MMAP_DEV_ZERO 1
| #define HAVE_MMAP_ANON 1
| #define HAVE_MMAP_FILE 1
| #define HAVE_DECL_GETENV 0
| #define HAVE_DECL_ABORT 0
| /* end confdefs.h.  */
| #undef HAVE_DECL_STRSIGNAL
| #define HAVE_DECL_STRSIGNAL 1
| 
| #include "ansidecl.h"
| #include "system.h"
| 
| int
| main ()
| {
| #ifndef strsignal
| char *(*pfn) = (char *(*)) strsignal ;
| #endif
|   ;
|   return 0;
| }
configure:6238: result: no
configure:6159: checking whether errno is declared
configure:6192: gcc -c -g -O2 -I. -I./../include  conftest.c >&5
In file included from conftest.c:56:0:
system.h:183:24: fatal error: safe-ctype.h: No such file or directory
 #include <safe-ctype.h>
                        ^
compilation terminated.
configure:6198: $? = 1
configure: failed program was:
| /* confdefs.h.  */
| #define PACKAGE_NAME ""
| #define PACKAGE_TARNAME ""
| #define PACKAGE_VERSION ""
| #define PACKAGE_STRING ""
| #define PACKAGE_BUGREPORT ""
| #define HAVE__BOOL 1
| #define SIZEOF_SHORT 2
| #define SIZEOF_INT 4
| #define SIZEOF_LONG 8
| #define STDC_HEADERS 1
| #define TIME_WITH_SYS_TIME 1
| #define HAVE_STDBOOL_H 1
| #define STRING_WITH_STRINGS 1
| #define HAVE_SYS_WAIT_H 1
| #define HAVE_SYS_TYPES_H 1
| #define HAVE_SYS_STAT_H 1
| #define HAVE_STDLIB_H 1
| #define HAVE_STRING_H 1
| #define HAVE_MEMORY_H 1
| #define HAVE_STRINGS_H 1
| #define HAVE_INTTYPES_H 1
| #define HAVE_STDINT_H 1
| #define HAVE_UNISTD_H 1
| #define HAVE_LIMITS_H 1
| #define HAVE_STDDEF_H 1
| #define HAVE_STRING_H 1
| #define HAVE_STRINGS_H 1
| #define HAVE_STDLIB_H 1
| #define HAVE_TIME_H 1
| #define HAVE_FCNTL_H 1
| #define HAVE_UNISTD_H 1
| #define HAVE_SYS_FILE_H 1
| #define HAVE_SYS_TIME_H 1
| #define HAVE_SYS_PARAM_H 1
| #define HAVE_SYS_STAT_H 1
| #define HAVE_MALLOC_H 1
| #define HAVE_STRINGIZE 1
| #define HAVE_CLOCK 1
| #define HAVE_STRSIGNAL 1
| #define HAVE_STRCHR 1
| #define HAVE_STRRCHR 1
| #define HAVE_LSTAT 1
| #define HAVE_GETPAGESIZE 1
| #define HAVE_MMAP_DEV_ZERO 1
| #define HAVE_MMAP_ANON 1
| #define HAVE_MMAP_FILE 1
| #define HAVE_DECL_GETENV 0
| #define HAVE_DECL_ABORT 0
| #define HAVE_DECL_STRSIGNAL 0
| /* end confdefs.h.  */
| #undef HAVE_DECL_ERRNO
| #define HAVE_DECL_ERRNO 1
| 
| #include "ansidecl.h"
| #include "system.h"
| 
| int
| main ()
| {
| #ifndef errno
| char *(*pfn) = (char *(*)) errno ;
| #endif
|   ;
|   return 0;
| }
configure:6238: result: no
configure:6159: checking whether malloc is declared
configure:6192: gcc -c -g -O2 -I. -I./../include  conftest.c >&5
In file included from conftest.c:57:0:
system.h:183:24: fatal error: safe-ctype.h: No such file or directory
 #include <safe-ctype.h>
                        ^
compilation terminated.
configure:6198: $? = 1
configure: failed program was:
| /* confdefs.h.  */
| #define PACKAGE_NAME ""
| #define PACKAGE_TARNAME ""
| #define PACKAGE_VERSION ""
| #define PACKAGE_STRING ""
| #define PACKAGE_BUGREPORT ""
| #define HAVE__BOOL 1
| #define SIZEOF_SHORT 2
| #define SIZEOF_INT 4
| #define SIZEOF_LONG 8
| #define STDC_HEADERS 1
| #define TIME_WITH_SYS_TIME 1
| #define HAVE_STDBOOL_H 1
| #define STRING_WITH_STRINGS 1
| #define HAVE_SYS_WAIT_H 1
| #define HAVE_SYS_TYPES_H 1
| #define HAVE_SYS_STAT_H 1
| #define HAVE_STDLIB_H 1
| #define HAVE_STRING_H 1
| #define HAVE_MEMORY_H 1
| #define HAVE_STRINGS_H 1
| #define HAVE_INTTYPES_H 1
| #define HAVE_STDINT_H 1
| #define HAVE_UNISTD_H 1
| #define HAVE_LIMITS_H 1
| #define HAVE_STDDEF_H 1
| #define HAVE_STRING_H 1
| #define HAVE_STRINGS_H 1
| #define HAVE_STDLIB_H 1
| #define HAVE_TIME_H 1
| #define HAVE_FCNTL_H 1
| #define HAVE_UNISTD_H 1
| #define HAVE_SYS_FILE_H 1
| #define HAVE_SYS_TIME_H 1
| #define HAVE_SYS_PARAM_H 1
| #define HAVE_SYS_STAT_H 1
| #define HAVE_MALLOC_H 1
| #define HAVE_STRINGIZE 1
| #define HAVE_CLOCK 1
| #define HAVE_STRSIGNAL 1
| #define HAVE_STRCHR 1
| #define HAVE_STRRCHR 1
| #define HAVE_LSTAT 1
| #define HAVE_GETPAGESIZE 1
| #define HAVE_MMAP_DEV_ZERO 1
| #define HAVE_MMAP_ANON 1
| #define HAVE_MMAP_FILE 1
| #define HAVE_DECL_GETENV 0
| #define HAVE_DECL_ABORT 0
| #define HAVE_DECL_STRSIGNAL 0
| #define HAVE_DECL_ERRNO 0
| /* end confdefs.h.  */
| #undef HAVE_DECL_MALLOC
| #define HAVE_DECL_MALLOC 1
| 
| #include "ansidecl.h"
| #include "system.h"
| 
| int
| main ()
| {
| #ifndef malloc
| char *(*pfn) = (char *(*)) malloc ;
| #endif
|   ;
|   return 0;
| }
configure:6238: result: no
configure:6159: checking whether realloc is declared
configure:6192: gcc -c -g -O2 -I. -I./../include  conftest.c >&5
In file included from conftest.c:58:0:
system.h:183:24: fatal error: safe-ctype.h: No such file or directory
 #include <safe-ctype.h>
                        ^
compilation terminated.
configure:6198: $? = 1
configure: failed program was:
| /* confdefs.h.  */
| #define PACKAGE_NAME ""
| #define PACKAGE_TARNAME ""
| #define PACKAGE_VERSION ""
| #define PACKAGE_STRING ""
| #define PACKAGE_BUGREPORT ""
| #define HAVE__BOOL 1
| #define SIZEOF_SHORT 2
| #define SIZEOF_INT 4
| #define SIZEOF_LONG 8
| #define STDC_HEADERS 1
| #define TIME_WITH_SYS_TIME 1
| #define HAVE_STDBOOL_H 1
| #define STRING_WITH_STRINGS 1
| #define HAVE_SYS_WAIT_H 1
| #define HAVE_SYS_TYPES_H 1
| #define HAVE_SYS_STAT_H 1
| #define HAVE_STDLIB_H 1
| #define HAVE_STRING_H 1
| #define HAVE_MEMORY_H 1
| #define HAVE_STRINGS_H 1
| #define HAVE_INTTYPES_H 1
| #define HAVE_STDINT_H 1
| #define HAVE_UNISTD_H 1
| #define HAVE_LIMITS_H 1
| #define HAVE_STDDEF_H 1
| #define HAVE_STRING_H 1
| #define HAVE_STRINGS_H 1
| #define HAVE_STDLIB_H 1
| #define HAVE_TIME_H 1
| #define HAVE_FCNTL_H 1
| #define HAVE_UNISTD_H 1
| #define HAVE_SYS_FILE_H 1
| #define HAVE_SYS_TIME_H 1
| #define HAVE_SYS_PARAM_H 1
| #define HAVE_SYS_STAT_H 1
| #define HAVE_MALLOC_H 1
| #define HAVE_STRINGIZE 1
| #define HAVE_CLOCK 1
| #define HAVE_STRSIGNAL 1
| #define HAVE_STRCHR 1
| #define HAVE_STRRCHR 1
| #define HAVE_LSTAT 1
| #define HAVE_GETPAGESIZE 1
| #define HAVE_MMAP_DEV_ZERO 1
| #define HAVE_MMAP_ANON 1
| #define HAVE_MMAP_FILE 1
| #define HAVE_DECL_GETENV 0
| #define HAVE_DECL_ABORT 0
| #define HAVE_DECL_STRSIGNAL 0
| #define HAVE_DECL_ERRNO 0
| #define HAVE_DECL_MALLOC 0
| /* end confdefs.h.  */
| #undef HAVE_DECL_REALLOC
| #define HAVE_DECL_REALLOC 1
| 
| #include "ansidecl.h"
| #include "system.h"
| 
| int
| main ()
| {
| #ifndef realloc
| char *(*pfn) = (char *(*)) realloc ;
| #endif
|   ;
|   return 0;
| }
configure:6238: result: no
configure:6159: checking whether calloc is declared
configure:6192: gcc -c -g -O2 -I. -I./../include  conftest.c >&5
In file included from conftest.c:59:0:
system.h:183:24: fatal error: safe-ctype.h: No such file or directory
 #include <safe-ctype.h>
                        ^
compilation terminated.
configure:6198: $? = 1
configure: failed program was:
| /* confdefs.h.  */
| #define PACKAGE_NAME ""
| #define PACKAGE_TARNAME ""
| #define PACKAGE_VERSION ""
| #define PACKAGE_STRING ""
| #define PACKAGE_BUGREPORT ""
| #define HAVE__BOOL 1
| #define SIZEOF_SHORT 2
| #define SIZEOF_INT 4
| #define SIZEOF_LONG 8
| #define STDC_HEADERS 1
| #define TIME_WITH_SYS_TIME 1
| #define HAVE_STDBOOL_H 1
| #define STRING_WITH_STRINGS 1
| #define HAVE_SYS_WAIT_H 1
| #define HAVE_SYS_TYPES_H 1
| #define HAVE_SYS_STAT_H 1
| #define HAVE_STDLIB_H 1
| #define HAVE_STRING_H 1
| #define HAVE_MEMORY_H 1
| #define HAVE_STRINGS_H 1
| #define HAVE_INTTYPES_H 1
| #define HAVE_STDINT_H 1
| #define HAVE_UNISTD_H 1
| #define HAVE_LIMITS_H 1
| #define HAVE_STDDEF_H 1
| #define HAVE_STRING_H 1
| #define HAVE_STRINGS_H 1
| #define HAVE_STDLIB_H 1
| #define HAVE_TIME_H 1
| #define HAVE_FCNTL_H 1
| #define HAVE_UNISTD_H 1
| #define HAVE_SYS_FILE_H 1
| #define HAVE_SYS_TIME_H 1
| #define HAVE_SYS_PARAM_H 1
| #define HAVE_SYS_STAT_H 1
| #define HAVE_MALLOC_H 1
| #define HAVE_STRINGIZE 1
| #define HAVE_CLOCK 1
| #define HAVE_STRSIGNAL 1
| #define HAVE_STRCHR 1
| #define HAVE_STRRCHR 1
| #define HAVE_LSTAT 1
| #define HAVE_GETPAGESIZE 1
| #define HAVE_MMAP_DEV_ZERO 1
| #define HAVE_MMAP_ANON 1
| #define HAVE_MMAP_FILE 1
| #define HAVE_DECL_GETENV 0
| #define HAVE_DECL_ABORT 0
| #define HAVE_DECL_STRSIGNAL 0
| #define HAVE_DECL_ERRNO 0
| #define HAVE_DECL_MALLOC 0
| #define HAVE_DECL_REALLOC 0
| /* end confdefs.h.  */
| #undef HAVE_DECL_CALLOC
| #define HAVE_DECL_CALLOC 1
| 
| #include "ansidecl.h"
| #include "system.h"
| 
| int
| main ()
| {
| #ifndef calloc
| char *(*pfn) = (char *(*)) calloc ;
| #endif
|   ;
|   return 0;
| }
configure:6238: result: no
configure:6159: checking whether free is declared
configure:6192: gcc -c -g -O2 -I. -I./../include  conftest.c >&5
In file included from conftest.c:60:0:
system.h:183:24: fatal error: safe-ctype.h: No such file or directory
 #include <safe-ctype.h>
                        ^
compilation terminated.
configure:6198: $? = 1
configure: failed program was:
| /* confdefs.h.  */
| #define PACKAGE_NAME ""
| #define PACKAGE_TARNAME ""
| #define PACKAGE_VERSION ""
| #define PACKAGE_STRING ""
| #define PACKAGE_BUGREPORT ""
| #define HAVE__BOOL 1
| #define SIZEOF_SHORT 2
| #define SIZEOF_INT 4
| #define SIZEOF_LONG 8
| #define STDC_HEADERS 1
| #define TIME_WITH_SYS_TIME 1
| #define HAVE_STDBOOL_H 1
| #define STRING_WITH_STRINGS 1
| #define HAVE_SYS_WAIT_H 1
| #define HAVE_SYS_TYPES_H 1
| #define HAVE_SYS_STAT_H 1
| #define HAVE_STDLIB_H 1
| #define HAVE_STRING_H 1
| #define HAVE_MEMORY_H 1
| #define HAVE_STRINGS_H 1
| #define HAVE_INTTYPES_H 1
| #define HAVE_STDINT_H 1
| #define HAVE_UNISTD_H 1
| #define HAVE_LIMITS_H 1
| #define HAVE_STDDEF_H 1
| #define HAVE_STRING_H 1
| #define HAVE_STRINGS_H 1
| #define HAVE_STDLIB_H 1
| #define HAVE_TIME_H 1
| #define HAVE_FCNTL_H 1
| #define HAVE_UNISTD_H 1
| #define HAVE_SYS_FILE_H 1
| #define HAVE_SYS_TIME_H 1
| #define HAVE_SYS_PARAM_H 1
| #define HAVE_SYS_STAT_H 1
| #define HAVE_MALLOC_H 1
| #define HAVE_STRINGIZE 1
| #define HAVE_CLOCK 1
| #define HAVE_STRSIGNAL 1
| #define HAVE_STRCHR 1
| #define HAVE_STRRCHR 1
| #define HAVE_LSTAT 1
| #define HAVE_GETPAGESIZE 1
| #define HAVE_MMAP_DEV_ZERO 1
| #define HAVE_MMAP_ANON 1
| #define HAVE_MMAP_FILE 1
| #define HAVE_DECL_GETENV 0
| #define HAVE_DECL_ABORT 0
| #define HAVE_DECL_STRSIGNAL 0
| #define HAVE_DECL_ERRNO 0
| #define HAVE_DECL_MALLOC 0
| #define HAVE_DECL_REALLOC 0
| #define HAVE_DECL_CALLOC 0
| /* end confdefs.h.  */
| #undef HAVE_DECL_FREE
| #define HAVE_DECL_FREE 1
| 
| #include "ansidecl.h"
| #include "system.h"
| 
| int
| main ()
| {
| #ifndef free
| char *(*pfn) = (char *(*)) free ;
| #endif
|   ;
|   return 0;
| }
configure:6238: result: no
configure:6159: checking whether clock is declared
configure:6192: gcc -c -g -O2 -I. -I./../include  conftest.c >&5
In file included from conftest.c:61:0:
system.h:183:24: fatal error: safe-ctype.h: No such file or directory
 #include <safe-ctype.h>
                        ^
compilation terminated.
configure:6198: $? = 1
configure: failed program was:
| /* confdefs.h.  */
| #define PACKAGE_NAME ""
| #define PACKAGE_TARNAME ""
| #define PACKAGE_VERSION ""
| #define PACKAGE_STRING ""
| #define PACKAGE_BUGREPORT ""
| #define HAVE__BOOL 1
| #define SIZEOF_SHORT 2
| #define SIZEOF_INT 4
| #define SIZEOF_LONG 8
| #define STDC_HEADERS 1
| #define TIME_WITH_SYS_TIME 1
| #define HAVE_STDBOOL_H 1
| #define STRING_WITH_STRINGS 1
| #define HAVE_SYS_WAIT_H 1
| #define HAVE_SYS_TYPES_H 1
| #define HAVE_SYS_STAT_H 1
| #define HAVE_STDLIB_H 1
| #define HAVE_STRING_H 1
| #define HAVE_MEMORY_H 1
| #define HAVE_STRINGS_H 1
| #define HAVE_INTTYPES_H 1
| #define HAVE_STDINT_H 1
| #define HAVE_UNISTD_H 1
| #define HAVE_LIMITS_H 1
| #define HAVE_STDDEF_H 1
| #define HAVE_STRING_H 1
| #define HAVE_STRINGS_H 1
| #define HAVE_STDLIB_H 1
| #define HAVE_TIME_H 1
| #define HAVE_FCNTL_H 1
| #define HAVE_UNISTD_H 1
| #define HAVE_SYS_FILE_H 1
| #define HAVE_SYS_TIME_H 1
| #define HAVE_SYS_PARAM_H 1
| #define HAVE_SYS_STAT_H 1
| #define HAVE_MALLOC_H 1
| #define HAVE_STRINGIZE 1
| #define HAVE_CLOCK 1
| #define HAVE_STRSIGNAL 1
| #define HAVE_STRCHR 1
| #define HAVE_STRRCHR 1
| #define HAVE_LSTAT 1
| #define HAVE_GETPAGESIZE 1
| #define HAVE_MMAP_DEV_ZERO 1
| #define HAVE_MMAP_ANON 1
| #define HAVE_MMAP_FILE 1
| #define HAVE_DECL_GETENV 0
| #define HAVE_DECL_ABORT 0
| #define HAVE_DECL_STRSIGNAL 0
| #define HAVE_DECL_ERRNO 0
| #define HAVE_DECL_MALLOC 0
| #define HAVE_DECL_REALLOC 0
| #define HAVE_DECL_CALLOC 0
| #define HAVE_DECL_FREE 0
| /* end confdefs.h.  */
| #undef HAVE_DECL_CLOCK
| #define HAVE_DECL_CLOCK 1
| 
| #include "ansidecl.h"
| #include "system.h"
| 
| int
| main ()
| {
| #ifndef clock
| char *(*pfn) = (char *(*)) clock ;
| #endif
|   ;
|   return 0;
| }
configure:6238: result: no
configure:6291: checking if mkdir takes one argument
configure:6327: gcc -c -g -O2  conftest.c >&5
configure:6333: $? = 0
configure:6340: test -z "$ac_c_werror_flag" || test ! -s conftest.err
configure:6343: $? = 0
configure:6350: test -s conftest.o
configure:6353: $? = 0
configure:6365: result: no
configure:6521: checking what assembler to use
configure:6603: result: /usr/bin/as
configure:6608: checking what nm to use
configure:6616: result: nm
configure:6620: checking whether to enable maintainer-specific portions of Makefiles
configure:6630: result: no
configure:6814: creating ./config.status

## ---------------------- ##
## Running config.status. ##
## ---------------------- ##

This file was extended by config.status, which was
generated by GNU Autoconf 2.60.  Invocation command line was

  CONFIG_FILES    = 
  CONFIG_HEADERS  = 
  CONFIG_LINKS    = 
  CONFIG_COMMANDS = 
  $ ./config.status 

on jose-K45VD

config.status:676: creating Makefile
config.status:676: creating auto-host.h
config.status:939: auto-host.h is unchanged
config.status:952: executing default commands

## ---------------- ##
## Cache variables. ##
## ---------------- ##

ac_cv_c_charset=ASCII
ac_cv_c_compile_endian=little-endian
ac_cv_c_compiler_gnu=yes
ac_cv_c_inline=inline
ac_cv_c_stringize=yes
ac_cv_env_CC_set=
ac_cv_env_CC_value=
ac_cv_env_CFLAGS_set=
ac_cv_env_CFLAGS_value=
ac_cv_env_CPPFLAGS_set=
ac_cv_env_CPPFLAGS_value=
ac_cv_env_CPP_set=
ac_cv_env_CPP_value=
ac_cv_env_LDFLAGS_set=
ac_cv_env_LDFLAGS_value=
ac_cv_env_build_alias_set=
ac_cv_env_build_alias_value=
ac_cv_env_host_alias_set=
ac_cv_env_host_alias_value=
ac_cv_env_target_alias_set=
ac_cv_env_target_alias_value=
ac_cv_func_clock=yes
ac_cv_func_getpagesize=yes
ac_cv_func_lstat=yes
ac_cv_func_mmap_anon=yes
ac_cv_func_mmap_dev_zero=yes
ac_cv_func_mmap_file=yes
ac_cv_func_strchr=yes
ac_cv_func_strrchr=yes
ac_cv_func_strsignal=yes
ac_cv_header_direct_h=no
ac_cv_header_fcntl_h=yes
ac_cv_header_inttypes_h=yes
ac_cv_header_limits_h=yes
ac_cv_header_malloc_h=yes
ac_cv_header_memory_h=yes
ac_cv_header_stdbool_h=yes
ac_cv_header_stdc=yes
ac_cv_header_stddef_h=yes
ac_cv_header_stdint_h=yes
ac_cv_header_stdlib_h=yes
ac_cv_header_string_h=yes
ac_cv_header_strings_h=yes
ac_cv_header_sys_file_h=yes
ac_cv_header_sys_param_h=yes
ac_cv_header_sys_stat_h=yes
ac_cv_header_sys_time_h=yes
ac_cv_header_sys_types_h=yes
ac_cv_header_sys_wait_h=yes
ac_cv_header_time=yes
ac_cv_header_time_h=yes
ac_cv_header_unistd_h=yes
ac_cv_objext=o
ac_cv_path_EGREP='/bin/grep -E'
ac_cv_path_GREP=/bin/grep
ac_cv_path_install='/usr/bin/install -c'
ac_cv_prog_AWK=mawk
ac_cv_prog_CPP='gcc -E'
ac_cv_prog_STRIP=strip
ac_cv_prog_ac_ct_CC=gcc
ac_cv_prog_ac_ct_RANLIB=ranlib
ac_cv_prog_cc_c89=
ac_cv_prog_cc_g=yes
ac_cv_prog_cc_gcc_c_o=yes
ac_cv_prog_have_mktemp_command=yes
ac_cv_prog_make_make_set=yes
ac_cv_sizeof_int=4
ac_cv_sizeof_long=8
ac_cv_sizeof_short=2
ac_cv_type_ssize_t=yes
gcc_cv_as=/usr/bin/as
gcc_cv_as_gas_srcdir=./gas
gcc_cv_c__bool=yes
gcc_cv_decl_char_bit=yes
gcc_cv_gas_major_version=
gcc_cv_gas_minor_version=
gcc_cv_have_decl_abort=no
gcc_cv_have_decl_calloc=no
gcc_cv_have_decl_clock=no
gcc_cv_have_decl_errno=no
gcc_cv_have_decl_free=no
gcc_cv_have_decl_getenv=no
gcc_cv_have_decl_malloc=no
gcc_cv_have_decl_realloc=no
gcc_cv_have_decl_strsignal=no
gcc_cv_header_string=yes
gcc_cv_mkdir_takes_one_arg=no
gcc_cv_nm=nm
gcc_cv_prog_LN=ln
gcc_cv_prog_LN_S='ln -s'

## ----------------- ##
## Output variables. ##
## ----------------- ##

AWK='mawk'
CC='gcc'
CFLAGS='-g -O2'
CPP='gcc -E'
CPPFLAGS=''
DEFS='-DHAVE_CONFIG_H'
ECHO_C=''
ECHO_N='-n'
ECHO_T=''
EGREP='/bin/grep -E'
EXEEXT=''
GREP='/bin/grep'
INSTALL='/usr/bin/install -c'
INSTALL_DATA='${INSTALL} -m 644'
INSTALL_PROGRAM='${INSTALL}'
LDFLAGS=''
LIBOBJS=''
LIBS=''
LN='ln'
LN_S='ln -s'
LTLIBOBJS=''
MAINT='#'
NO_MINUS_C_MINUS_O=''
OBJEXT='o'
OUTPUT_OPTION='-o $@'
PACKAGE='sdcc'
PACKAGE_BUGREPORT=''
PACKAGE_NAME=''
PACKAGE_STRING=''
PACKAGE_TARNAME=''
PACKAGE_VERSION=''
PATH_SEPARATOR=':'
RANLIB='ranlib'
SET_MAKE=''
SHELL='/bin/bash'
STRIP='strip'
VERSION='const'
ac_ct_CC='gcc'
all_stagestuff=''
bindir='${exec_prefix}/bin'
build_alias=''
build_canonical=''
build_exeext=''
build_install_headers_dir='install-headers-tar'
build_xm_defines=''
build_xm_file='auto-host.h ansidecl.h  /.h defaults.h'
build_xm_file_list=''
c_target_objs=''
check_languages=''
datadir='${datarootdir}'
datarootdir='${prefix}/share'
dep_host_xmake_file=''
dep_tmake_file=''
docdir='${datarootdir}/doc/${PACKAGE}'
dvidir='${docdir}'
exec_prefix='${prefix}'
extra_c_flags=''
extra_headers_list=''
extra_objs=' '
extra_parts=''
extra_passes=''
extra_programs=''
gcc_config_arguments=' : (reconfigured) '
gcc_version='const'
gcc_version_full='const char version_string[] = BASEVER DATESTAMP DEVPHASE VERSUFFIX;'
gcc_version_trigger='./version.c'
have_mktemp_command='yes'
host_alias=''
host_canonical=''
host_exeext=''
host_extra_gcc_objs=''
htmldir='${docdir}'
includedir='${prefix}/include'
infodir='${datarootdir}/info'
install=''
lang_tree_files=''
libdir='${exec_prefix}/lib'
libexecdir='${exec_prefix}/libexec'
local_prefix='/usr/local'
localedir='${datarootdir}/locale'
localstatedir='${prefix}/var'
mandir='${datarootdir}/man'
manext='.1'
md_file='/.md'
objdir='/home/jose/Documentos/arqui/proyecto2/compiladores/sdccpb/support/cpp'
objext='.o'
oldincludedir='/usr/include'
out_file='/.c'
out_object_file='.c.o'
pdfdir='${docdir}'
prefix='/usr/local'
program_transform_name='s,x,x,'
psdir='${docdir}'
sbindir='${exec_prefix}/sbin'
sharedstatedir='${prefix}/com'
symbolic_link='ln -s'
sysconfdir='${prefix}/etc'
target_alias=''
target_subdir=''
thread_file=''
warn_cflags='$(GCC_WARN_CFLAGS)'

## ----------- ##
## confdefs.h. ##
## ----------- ##

#define PACKAGE_NAME ""
#define PACKAGE_TARNAME ""
#define PACKAGE_VERSION ""
#define PACKAGE_STRING ""
#define PACKAGE_BUGREPORT ""
#define HAVE__BOOL 1
#define SIZEOF_SHORT 2
#define SIZEOF_INT 4
#define SIZEOF_LONG 8
#define STDC_HEADERS 1
#define TIME_WITH_SYS_TIME 1
#define HAVE_STDBOOL_H 1
#define STRING_WITH_STRINGS 1
#define HAVE_SYS_WAIT_H 1
#define HAVE_SYS_TYPES_H 1
#define HAVE_SYS_STAT_H 1
#define HAVE_STDLIB_H 1
#define HAVE_STRING_H 1
#define HAVE_MEMORY_H 1
#define HAVE_STRINGS_H 1
#define HAVE_INTTYPES_H 1
#define HAVE_STDINT_H 1
#define HAVE_UNISTD_H 1
#define HAVE_LIMITS_H 1
#define HAVE_STDDEF_H 1
#define HAVE_STRING_H 1
#define HAVE_STRINGS_H 1
#define HAVE_STDLIB_H 1
#define HAVE_TIME_H 1
#define HAVE_FCNTL_H 1
#define HAVE_UNISTD_H 1
#define HAVE_SYS_FILE_H 1
#define HAVE_SYS_TIME_H 1
#define HAVE_SYS_PARAM_H 1
#define HAVE_SYS_STAT_H 1
#define HAVE_MALLOC_H 1
#define HAVE_STRINGIZE 1
#define HAVE_CLOCK 1
#define HAVE_STRSIGNAL 1
#define HAVE_STRCHR 1
#define HAVE_STRRCHR 1
#define HAVE_LSTAT 1
#define HAVE_GETPAGESIZE 1
#define HAVE_MMAP_DEV_ZERO 1
#define HAVE_MMAP_ANON 1
#define HAVE_MMAP_FILE 1
#define HAVE_DECL_GETENV 0
#define HAVE_DECL_ABORT 0
#define HAVE_DECL_STRSIGNAL 0
#define HAVE_DECL_ERRNO 0
#define HAVE_DECL_MALLOC 0
#define HAVE_DECL_REALLOC 0
#define HAVE_DECL_CALLOC 0
#define HAVE_DECL_FREE 0
#define HAVE_DECL_CLOCK 0
#define PACKAGE "sdcc"
#define VERSION "const"

configure: exit 0
